{
"contracts/AuctionHouse.sol":{"l":{"48":13,"49":13,"51":13,"68":13,"69":13,"73":12,"74":12,"75":12,"77":12,"78":10,"79":9,"80":3,"82":6,"85":9,"86":9,"88":8,"89":8,"90":8,"92":8,"93":5,"95":5,"96":4,"97":4,"98":4,"100":1,"101":1,"102":1,"103":1,"106":5,"108":3,"109":3,"110":3,"111":3,"112":3,"116":8,"117":8,"119":8,"120":6,"122":6,"123":3,"124":3,"126":3,"137":6,"141":8,"143":8,"147":6,"151":15,"155":3},"path":"/Users/luansilveira/Documents/projetos/ghost/g-minter/contracts/AuctionHouse.sol","s":{"1":13,"2":13,"3":13,"4":13,"5":13,"6":12,"7":12,"8":12,"9":12,"10":10,"11":9,"12":3,"13":6,"14":9,"15":9,"16":8,"17":8,"18":8,"19":8,"20":5,"21":5,"22":4,"23":4,"24":4,"25":1,"26":1,"27":1,"28":1,"29":5,"30":3,"31":3,"32":3,"33":3,"34":3,"35":8,"36":8,"37":8,"38":6,"39":6,"40":3,"41":3,"42":3,"43":6,"44":8,"45":8,"46":6,"47":15,"48":3},"b":{"1":[13,0],"2":[10,2],"3":[9,1],"4":[3,6],"5":[8,1],"6":[8,0],"7":[5,3],"8":[4,1],"9":[1,0],"10":[6,2],"11":[6,0],"12":[3,3]},"f":{"1":13,"2":12,"3":8,"4":6,"5":15,"6":3},"fnMap":{"1":{"name":"start","line":38,"loc":{"start":{"line":38,"column":2},"end":{"line":70,"column":2}}},"2":{"name":"take","line":72,"loc":{"start":{"line":72,"column":2},"end":{"line":138,"column":2}}},"3":{"name":"calculateAmountToFixCollateral","line":140,"loc":{"start":{"line":140,"column":2},"end":{"line":144,"column":2}}},"4":{"name":"getAuction","line":146,"loc":{"start":{"line":146,"column":2},"end":{"line":148,"column":2}}},"5":{"name":"price","line":150,"loc":{"start":{"line":150,"column":2},"end":{"line":152,"column":2}}},"6":{"name":"auctionFinishCallback","line":154,"loc":{"start":{"line":154,"column":2},"end":{"line":156,"column":2}}}},"statementMap":{"1":{"start":{"line":48,"column":4},"end":{"line":48,"column":45}},"2":{"start":{"line":49,"column":4},"end":{"line":49,"column":53}},"3":{"start":{"line":51,"column":4},"end":{"line":51,"column":1463}},"4":{"start":{"line":68,"column":4},"end":{"line":68,"column":97}},"5":{"start":{"line":69,"column":4},"end":{"line":69,"column":131}},"6":{"start":{"line":73,"column":4},"end":{"line":73,"column":49}},"7":{"start":{"line":74,"column":4},"end":{"line":74,"column":14}},"8":{"start":{"line":75,"column":4},"end":{"line":75,"column":21}},"9":{"start":{"line":77,"column":4},"end":{"line":77,"column":89}},"10":{"start":{"line":78,"column":4},"end":{"line":78,"column":120}},"11":{"start":{"line":79,"column":4},"end":{"line":79,"column":2442}},"12":{"start":{"line":80,"column":6},"end":{"line":80,"column":38}},"13":{"start":{"line":82,"column":6},"end":{"line":82,"column":19}},"14":{"start":{"line":85,"column":4},"end":{"line":85,"column":99}},"15":{"start":{"line":86,"column":4},"end":{"line":86,"column":100}},"16":{"start":{"line":88,"column":4},"end":{"line":88,"column":47}},"17":{"start":{"line":89,"column":4},"end":{"line":89,"column":134}},"18":{"start":{"line":90,"column":4},"end":{"line":90,"column":33}},"19":{"start":{"line":92,"column":4},"end":{"line":92,"column":2998}},"20":{"start":{"line":93,"column":6},"end":{"line":93,"column":23}},"21":{"start":{"line":95,"column":6},"end":{"line":95,"column":3064}},"22":{"start":{"line":96,"column":8},"end":{"line":96,"column":41}},"23":{"start":{"line":97,"column":8},"end":{"line":97,"column":35}},"24":{"start":{"line":98,"column":8},"end":{"line":98,"column":41}},"25":{"start":{"line":100,"column":8},"end":{"line":100,"column":68}},"26":{"start":{"line":101,"column":8},"end":{"line":101,"column":69}},"27":{"start":{"line":102,"column":8},"end":{"line":102,"column":36}},"28":{"start":{"line":103,"column":8},"end":{"line":103,"column":41}},"29":{"start":{"line":106,"column":6},"end":{"line":106,"column":60}},"30":{"start":{"line":108,"column":6},"end":{"line":108,"column":37}},"31":{"start":{"line":109,"column":6},"end":{"line":109,"column":53}},"32":{"start":{"line":110,"column":6},"end":{"line":110,"column":30}},"33":{"start":{"line":111,"column":6},"end":{"line":111,"column":39}},"34":{"start":{"line":112,"column":6},"end":{"line":112,"column":40}},"35":{"start":{"line":116,"column":4},"end":{"line":116,"column":62}},"36":{"start":{"line":117,"column":4},"end":{"line":117,"column":77}},"37":{"start":{"line":119,"column":4},"end":{"line":119,"column":111}},"38":{"start":{"line":120,"column":4},"end":{"line":120,"column":86}},"39":{"start":{"line":122,"column":4},"end":{"line":122,"column":4132}},"40":{"start":{"line":123,"column":6},"end":{"line":123,"column":87}},"41":{"start":{"line":124,"column":6},"end":{"line":124,"column":76}},"42":{"start":{"line":126,"column":6},"end":{"line":126,"column":4344}},"43":{"start":{"line":137,"column":4},"end":{"line":137,"column":91}},"44":{"start":{"line":141,"column":4},"end":{"line":141,"column":54}},"45":{"start":{"line":143,"column":4},"end":{"line":143,"column":33}},"46":{"start":{"line":147,"column":4},"end":{"line":147,"column":30}},"47":{"start":{"line":151,"column":4},"end":{"line":151,"column":80}},"48":{"start":{"line":155,"column":4},"end":{"line":155,"column":94}}},"branchMap":{"1":{"line":69,"type":"if","locations":[{"start":{"line":69,"column":4},"end":{"line":69,"column":4}},{"start":{"line":69,"column":4},"end":{"line":69,"column":4}}]},"2":{"line":77,"type":"if","locations":[{"start":{"line":77,"column":4},"end":{"line":77,"column":4}},{"start":{"line":77,"column":4},"end":{"line":77,"column":4}}]},"3":{"line":78,"type":"if","locations":[{"start":{"line":78,"column":4},"end":{"line":78,"column":4}},{"start":{"line":78,"column":4},"end":{"line":78,"column":4}}]},"4":{"line":79,"type":"if","locations":[{"start":{"line":79,"column":4},"end":{"line":79,"column":4}},{"start":{"line":79,"column":4},"end":{"line":79,"column":4}}]},"5":{"line":86,"type":"if","locations":[{"start":{"line":86,"column":4},"end":{"line":86,"column":4}},{"start":{"line":86,"column":4},"end":{"line":86,"column":4}}]},"6":{"line":90,"type":"if","locations":[{"start":{"line":90,"column":4},"end":{"line":90,"column":4}},{"start":{"line":90,"column":4},"end":{"line":90,"column":4}}]},"7":{"line":92,"type":"if","locations":[{"start":{"line":92,"column":4},"end":{"line":92,"column":4}},{"start":{"line":92,"column":4},"end":{"line":92,"column":4}}]},"8":{"line":95,"type":"if","locations":[{"start":{"line":95,"column":6},"end":{"line":95,"column":6}},{"start":{"line":95,"column":6},"end":{"line":95,"column":6}}]},"9":{"line":100,"type":"if","locations":[{"start":{"line":100,"column":8},"end":{"line":100,"column":8}},{"start":{"line":100,"column":8},"end":{"line":100,"column":8}}]},"10":{"line":119,"type":"if","locations":[{"start":{"line":119,"column":4},"end":{"line":119,"column":4}},{"start":{"line":119,"column":4},"end":{"line":119,"column":4}}]},"11":{"line":120,"type":"if","locations":[{"start":{"line":120,"column":4},"end":{"line":120,"column":4}},{"start":{"line":120,"column":4},"end":{"line":120,"column":4}}]},"12":{"line":122,"type":"if","locations":[{"start":{"line":122,"column":4},"end":{"line":122,"column":4}},{"start":{"line":122,"column":4},"end":{"line":122,"column":4}}]}}},
"contracts/base/CoreMath.sol":{"l":{"14":0,"18":0,"22":0,"25":31,"29":15,"30":15,"31":15,"35":0,"36":0,"39":0,"43":15,"70":32,"74":85},"path":"/Users/luansilveira/Documents/projetos/ghost/g-minter/contracts/base/CoreMath.sol","s":{"1":0,"2":0,"3":0,"4":31,"5":15,"6":15,"7":15,"8":0,"9":0,"10":0,"11":32,"12":85},"b":{"1":[15,0],"2":[0,0]},"f":{"1":0,"2":0,"3":0,"4":31,"5":15,"6":0,"7":15,"8":32,"9":85},"fnMap":{"1":{"name":"wad","line":13,"loc":{"start":{"line":13,"column":2},"end":{"line":15,"column":2}}},"2":{"name":"ray","line":17,"loc":{"start":{"line":17,"column":2},"end":{"line":19,"column":2}}},"3":{"name":"rad","line":21,"loc":{"start":{"line":21,"column":2},"end":{"line":23,"column":2}}},"4":{"name":"radiv","line":24,"loc":{"start":{"line":24,"column":2},"end":{"line":26,"column":2}}},"5":{"name":"rmul","line":28,"loc":{"start":{"line":28,"column":2},"end":{"line":32,"column":2}}},"6":{"name":"orderToSub","line":34,"loc":{"start":{"line":34,"column":2},"end":{"line":40,"column":2}}},"7":{"name":"rpow","line":42,"loc":{"start":{"line":42,"column":2},"end":{"line":67,"column":2}}},"8":{"name":"mul","line":69,"loc":{"start":{"line":69,"column":2},"end":{"line":71,"column":2}}},"9":{"name":"div","line":73,"loc":{"start":{"line":73,"column":2},"end":{"line":75,"column":2}}}},"statementMap":{"1":{"start":{"line":14,"column":4},"end":{"line":14,"column":14}},"2":{"start":{"line":18,"column":4},"end":{"line":18,"column":14}},"3":{"start":{"line":22,"column":4},"end":{"line":22,"column":14}},"4":{"start":{"line":25,"column":4},"end":{"line":25,"column":49}},"5":{"start":{"line":29,"column":4},"end":{"line":29,"column":16}},"6":{"start":{"line":30,"column":4},"end":{"line":30,"column":32}},"7":{"start":{"line":31,"column":4},"end":{"line":31,"column":18}},"8":{"start":{"line":35,"column":4},"end":{"line":35,"column":856}},"9":{"start":{"line":36,"column":6},"end":{"line":36,"column":14}},"10":{"start":{"line":39,"column":4},"end":{"line":39,"column":16}},"11":{"start":{"line":70,"column":4},"end":{"line":70,"column":12}},"12":{"start":{"line":74,"column":4},"end":{"line":74,"column":12}}},"branchMap":{"1":{"line":30,"type":"if","locations":[{"start":{"line":30,"column":4},"end":{"line":30,"column":4}},{"start":{"line":30,"column":4},"end":{"line":30,"column":4}}]},"2":{"line":35,"type":"if","locations":[{"start":{"line":35,"column":4},"end":{"line":35,"column":4}},{"start":{"line":35,"column":4},"end":{"line":35,"column":4}}]}}},
"contracts/base/Feed.sol":{"l":{"9":435,"10":435,"14":20},"path":"/Users/luansilveira/Documents/projetos/ghost/g-minter/contracts/base/Feed.sol","s":{"1":435,"2":435,"3":20},"b":{},"f":{"1":435,"2":20},"fnMap":{"1":{"name":"constructor","line":8,"loc":{"start":{"line":8,"column":2},"end":{"line":11,"column":2}}},"2":{"name":"updatePrice","line":13,"loc":{"start":{"line":13,"column":2},"end":{"line":15,"column":2}}}},"statementMap":{"1":{"start":{"line":9,"column":4},"end":{"line":9,"column":17}},"2":{"start":{"line":10,"column":4},"end":{"line":10,"column":15}},"3":{"start":{"line":14,"column":4},"end":{"line":14,"column":17}}},"branchMap":{}},
"contracts/DebtPool.sol":{"l":{"16":14,"17":14,"21":114,"22":114,"26":14,"30":6,"34":2,"38":6,"42":0},"path":"/Users/luansilveira/Documents/projetos/ghost/g-minter/contracts/DebtPool.sol","s":{"1":14,"2":114,"3":114,"4":14,"5":6,"6":2,"7":6,"8":0},"b":{"1":[14,0]},"f":{"1":14,"2":114,"3":14,"4":6,"5":2,"6":6,"7":0},"fnMap":{"1":{"name":"onlyHouse","line":15,"loc":{"start":{"line":15,"column":2},"end":{"line":18,"column":2}}},"2":{"name":"constructor","line":20,"loc":{"start":{"line":20,"column":2},"end":{"line":23,"column":2}}},"3":{"name":"addUpdatedHouse","line":25,"loc":{"start":{"line":25,"column":2},"end":{"line":27,"column":2}}},"4":{"name":"mint","line":29,"loc":{"start":{"line":29,"column":2},"end":{"line":31,"column":2}}},"5":{"name":"burn","line":33,"loc":{"start":{"line":33,"column":2},"end":{"line":35,"column":2}}},"6":{"name":"transferFrom","line":37,"loc":{"start":{"line":37,"column":2},"end":{"line":39,"column":2}}},"7":{"name":"getSynthDebt","line":41,"loc":{"start":{"line":41,"column":2},"end":{"line":43,"column":2}}}},"statementMap":{"1":{"start":{"line":16,"column":4},"end":{"line":16,"column":69}},"2":{"start":{"line":21,"column":4},"end":{"line":21,"column":30}},"3":{"start":{"line":22,"column":4},"end":{"line":22,"column":27}},"4":{"start":{"line":26,"column":4},"end":{"line":26,"column":38}},"5":{"start":{"line":30,"column":4},"end":{"line":30,"column":37}},"6":{"start":{"line":34,"column":4},"end":{"line":34,"column":37}},"7":{"start":{"line":38,"column":4},"end":{"line":38,"column":35}},"8":{"start":{"line":42,"column":4},"end":{"line":42,"column":49}}},"branchMap":{"1":{"line":16,"type":"if","locations":[{"start":{"line":16,"column":4},"end":{"line":16,"column":4}},{"start":{"line":16,"column":4},"end":{"line":16,"column":4}}]}}},
"contracts/GTokenERC20.sol":{"l":{"11":317,"15":107,"19":7},"path":"/Users/luansilveira/Documents/projetos/ghost/g-minter/contracts/GTokenERC20.sol","s":{"1":317,"2":107,"3":7},"b":{},"f":{"1":317,"2":107,"3":7},"fnMap":{"1":{"name":"constructor","line":10,"loc":{"start":{"line":10,"column":2},"end":{"line":12,"column":2}}},"2":{"name":"mint","line":14,"loc":{"start":{"line":14,"column":2},"end":{"line":16,"column":2}}},"3":{"name":"burn","line":18,"loc":{"start":{"line":18,"column":2},"end":{"line":20,"column":2}}}},"statementMap":{"1":{"start":{"line":11,"column":4},"end":{"line":11,"column":35}},"2":{"start":{"line":15,"column":4},"end":{"line":15,"column":26}},"3":{"start":{"line":19,"column":4},"end":{"line":19,"column":28}}},"branchMap":{}},
"contracts/median/MedianSpacex.sol":{"l":{"37":2,"38":2,"40":1,"44":2,"48":19,"57":9,"59":6,"60":6,"61":6,"63":6,"64":18,"66":18,"68":18,"70":17,"72":17,"73":16,"75":16,"78":16,"79":15,"82":3,"83":3,"84":3,"88":18,"89":18,"90":18,"93":18,"94":18,"95":18,"99":1,"100":1,"101":1,"104":1,"108":3,"109":2,"110":1,"114":7,"115":6,"119":4,"123":2,"124":5,"125":5,"130":1,"131":2},"path":"/Users/luansilveira/Documents/projetos/ghost/g-minter/contracts/median/MedianSpacex.sol","s":{"1":5,"2":2,"3":2,"4":1,"5":2,"6":19,"7":9,"8":6,"9":6,"10":6,"11":6,"12":18,"13":18,"14":18,"15":17,"16":17,"17":16,"18":16,"19":15,"20":3,"21":3,"22":3,"23":18,"24":18,"25":18,"26":18,"27":18,"28":1,"29":1,"30":1,"31":3,"32":2,"33":1,"34":7,"35":6,"36":4,"37":2,"38":5,"39":5,"40":1,"41":2},"b":{"1":[4,1],"2":[1,1],"3":[6,3],"4":[17,1],"5":[17,0],"6":[16,1],"7":[15,1],"8":[18,0],"9":[18,0],"10":[2,1],"11":[1,1],"12":[6,1],"13":[5,0]},"f":{"1":5,"2":105,"3":2,"4":2,"5":19,"6":9,"7":18,"8":1,"9":3,"10":7,"11":4,"12":2,"13":1},"fnMap":{"1":{"name":"toll","line":30,"loc":{"start":{"line":30,"column":2},"end":{"line":30,"column":84}}},"2":{"name":"constructor","line":34,"loc":{"start":{"line":34,"column":2},"end":{"line":34,"column":17}}},"3":{"name":"read","line":36,"loc":{"start":{"line":36,"column":2},"end":{"line":41,"column":2}}},"4":{"name":"peek","line":43,"loc":{"start":{"line":43,"column":2},"end":{"line":45,"column":2}}},"5":{"name":"recover","line":47,"loc":{"start":{"line":47,"column":2},"end":{"line":52,"column":2}}},"6":{"name":"poke","line":54,"loc":{"start":{"line":54,"column":2},"end":{"line":85,"column":2}}},"7":{"name":"lift","line":87,"loc":{"start":{"line":87,"column":2},"end":{"line":96,"column":2}}},"8":{"name":"drop","line":98,"loc":{"start":{"line":98,"column":2},"end":{"line":105,"column":2}}},"9":{"name":"setBar","line":107,"loc":{"start":{"line":107,"column":2},"end":{"line":111,"column":2}}},"10":{"name":"kiss","line":113,"loc":{"start":{"line":113,"column":2},"end":{"line":116,"column":2}}},"11":{"name":"diss","line":118,"loc":{"start":{"line":118,"column":2},"end":{"line":120,"column":2}}},"12":{"name":"kiss","line":122,"loc":{"start":{"line":122,"column":2},"end":{"line":127,"column":2}}},"13":{"name":"diss","line":129,"loc":{"start":{"line":129,"column":2},"end":{"line":133,"column":2}}}},"statementMap":{"1":{"start":{"line":30,"column":18},"end":{"line":30,"column":79}},"2":{"start":{"line":37,"column":4},"end":{"line":37,"column":40}},"3":{"start":{"line":38,"column":4},"end":{"line":38,"column":42}},"4":{"start":{"line":40,"column":4},"end":{"line":40,"column":16}},"5":{"start":{"line":44,"column":4},"end":{"line":44,"column":25}},"6":{"start":{"line":48,"column":4},"end":{"line":48,"column":1245}},"7":{"start":{"line":57,"column":4},"end":{"line":57,"column":70}},"8":{"start":{"line":59,"column":4},"end":{"line":59,"column":21}},"9":{"start":{"line":60,"column":4},"end":{"line":60,"column":20}},"10":{"start":{"line":61,"column":4},"end":{"line":61,"column":21}},"11":{"start":{"line":63,"column":4},"end":{"line":63,"column":1611}},"12":{"start":{"line":64,"column":6},"end":{"line":64,"column":14}},"13":{"start":{"line":66,"column":6},"end":{"line":66,"column":91}},"14":{"start":{"line":68,"column":6},"end":{"line":68,"column":65}},"15":{"start":{"line":70,"column":6},"end":{"line":70,"column":64}},"16":{"start":{"line":72,"column":6},"end":{"line":72,"column":66}},"17":{"start":{"line":73,"column":6},"end":{"line":73,"column":25}},"18":{"start":{"line":78,"column":6},"end":{"line":78,"column":68}},"19":{"start":{"line":79,"column":6},"end":{"line":79,"column":30}},"20":{"start":{"line":82,"column":4},"end":{"line":82,"column":46}},"21":{"start":{"line":83,"column":4},"end":{"line":83,"column":32}},"22":{"start":{"line":84,"column":4},"end":{"line":84,"column":33}},"23":{"start":{"line":88,"column":4},"end":{"line":88,"column":52}},"24":{"start":{"line":89,"column":4},"end":{"line":89,"column":11}},"25":{"start":{"line":93,"column":4},"end":{"line":93,"column":58}},"26":{"start":{"line":94,"column":4},"end":{"line":94,"column":22}},"27":{"start":{"line":95,"column":4},"end":{"line":95,"column":20}},"28":{"start":{"line":99,"column":4},"end":{"line":99,"column":11}},"29":{"start":{"line":100,"column":4},"end":{"line":100,"column":22}},"30":{"start":{"line":104,"column":4},"end":{"line":104,"column":23}},"31":{"start":{"line":108,"column":4},"end":{"line":108,"column":52}},"32":{"start":{"line":109,"column":4},"end":{"line":109,"column":49}},"33":{"start":{"line":110,"column":4},"end":{"line":110,"column":13}},"34":{"start":{"line":114,"column":4},"end":{"line":114,"column":60}},"35":{"start":{"line":115,"column":4},"end":{"line":115,"column":19}},"36":{"start":{"line":119,"column":4},"end":{"line":119,"column":19}},"37":{"start":{"line":123,"column":4},"end":{"line":123,"column":3453}},"38":{"start":{"line":124,"column":6},"end":{"line":124,"column":66}},"39":{"start":{"line":125,"column":6},"end":{"line":125,"column":25}},"40":{"start":{"line":130,"column":4},"end":{"line":130,"column":3673}},"41":{"start":{"line":131,"column":6},"end":{"line":131,"column":25}}},"branchMap":{"1":{"line":30,"type":"if","locations":[{"start":{"line":30,"column":18},"end":{"line":30,"column":18}},{"start":{"line":30,"column":18},"end":{"line":30,"column":18}}]},"2":{"line":38,"type":"if","locations":[{"start":{"line":38,"column":4},"end":{"line":38,"column":4}},{"start":{"line":38,"column":4},"end":{"line":38,"column":4}}]},"3":{"line":57,"type":"if","locations":[{"start":{"line":57,"column":4},"end":{"line":57,"column":4}},{"start":{"line":57,"column":4},"end":{"line":57,"column":4}}]},"4":{"line":68,"type":"if","locations":[{"start":{"line":68,"column":6},"end":{"line":68,"column":6}},{"start":{"line":68,"column":6},"end":{"line":68,"column":6}}]},"5":{"line":70,"type":"if","locations":[{"start":{"line":70,"column":6},"end":{"line":70,"column":6}},{"start":{"line":70,"column":6},"end":{"line":70,"column":6}}]},"6":{"line":72,"type":"if","locations":[{"start":{"line":72,"column":6},"end":{"line":72,"column":6}},{"start":{"line":72,"column":6},"end":{"line":72,"column":6}}]},"7":{"line":78,"type":"if","locations":[{"start":{"line":78,"column":6},"end":{"line":78,"column":6}},{"start":{"line":78,"column":6},"end":{"line":78,"column":6}}]},"8":{"line":88,"type":"if","locations":[{"start":{"line":88,"column":4},"end":{"line":88,"column":4}},{"start":{"line":88,"column":4},"end":{"line":88,"column":4}}]},"9":{"line":93,"type":"if","locations":[{"start":{"line":93,"column":4},"end":{"line":93,"column":4}},{"start":{"line":93,"column":4},"end":{"line":93,"column":4}}]},"10":{"line":108,"type":"if","locations":[{"start":{"line":108,"column":4},"end":{"line":108,"column":4}},{"start":{"line":108,"column":4},"end":{"line":108,"column":4}}]},"11":{"line":109,"type":"if","locations":[{"start":{"line":109,"column":4},"end":{"line":109,"column":4}},{"start":{"line":109,"column":4},"end":{"line":109,"column":4}}]},"12":{"line":114,"type":"if","locations":[{"start":{"line":114,"column":4},"end":{"line":114,"column":4}},{"start":{"line":114,"column":4},"end":{"line":114,"column":4}}]},"13":{"line":124,"type":"if","locations":[{"start":{"line":124,"column":6},"end":{"line":124,"column":6}},{"start":{"line":124,"column":6},"end":{"line":124,"column":6}}]}}},
"contracts/Minter.sol":{"l":{"47":99,"48":97,"52":75,"53":73,"57":31,"58":31,"62":8,"63":8,"67":261,"68":261,"69":261,"70":261,"74":38,"78":56,"82":57,"84":56,"85":56,"86":56,"87":56,"88":56,"89":56,"91":56,"95":4,"96":3,"97":3,"98":3,"100":2,"101":2,"103":2,"107":73,"108":73,"109":72,"111":72,"113":72,"114":72,"115":72,"116":72,"118":72,"119":72,"121":72,"126":4,"127":2,"128":2,"130":2,"134":6,"135":6,"139":2,"140":0,"143":2,"147":89,"149":89,"153":14,"154":14,"155":14,"156":14,"158":14,"159":14,"161":13,"162":13,"163":13,"164":13,"165":13,"166":13,"167":13,"168":13,"169":13,"170":13,"172":13,"177":13,"178":13,"182":3,"183":3,"184":3,"185":3,"187":3,"188":3,"189":3,"191":3,"195":17,"196":17,"198":16,"199":16,"200":16,"201":16,"203":16,"205":16,"211":8,"215":2,"216":1,"217":1,"221":29,"222":29,"227":13,"229":13,"235":4,"236":0,"239":4,"240":4,"242":4,"246":2,"247":1,"249":1,"253":2,"254":1,"256":1,"260":3,"261":2,"262":2,"264":2},"path":"/Users/luansilveira/Documents/projetos/ghost/g-minter/contracts/Minter.sol","s":{"1":99,"2":75,"3":31,"4":8,"5":261,"6":261,"7":261,"8":261,"9":38,"10":56,"11":57,"12":56,"13":56,"14":56,"15":56,"16":56,"17":56,"18":56,"19":4,"20":3,"21":3,"22":3,"23":2,"24":2,"25":2,"26":73,"27":73,"28":72,"29":72,"30":72,"31":72,"32":72,"33":72,"34":72,"35":72,"36":72,"37":4,"38":2,"39":2,"40":2,"41":6,"42":6,"43":2,"44":0,"45":2,"46":89,"47":89,"48":14,"49":14,"50":14,"51":14,"52":14,"53":14,"54":13,"55":13,"56":13,"57":13,"58":13,"59":13,"60":13,"61":13,"62":13,"63":13,"64":13,"65":13,"66":3,"67":3,"68":3,"69":3,"70":3,"71":3,"72":3,"73":3,"74":17,"75":17,"76":16,"77":16,"78":16,"79":16,"80":16,"81":16,"82":8,"83":2,"84":1,"85":1,"86":29,"87":29,"88":13,"89":13,"90":4,"91":0,"92":4,"93":4,"94":4,"95":2,"96":1,"97":1,"98":2,"99":1,"100":1,"101":3,"102":2,"103":2,"104":2},"b":{"1":[97,2],"2":[73,2],"3":[31,0],"4":[8,0],"5":[56,1],"6":[3,1],"7":[2,1],"8":[72,1],"9":[72,0],"10":[72,0],"11":[2,2],"12":[0,2],"13":[14,0],"14":[13,1],"15":[3,0],"16":[3,0],"17":[3,0],"18":[17,0],"19":[16,1],"20":[16,0],"21":[1,1],"22":[13,0],"23":[0,4],"24":[1,1],"25":[1,1],"26":[2,1]},"f":{"1":99,"2":75,"3":31,"4":8,"5":261,"6":38,"7":56,"8":57,"9":4,"10":73,"11":4,"12":6,"13":2,"14":89,"15":14,"16":13,"17":3,"18":17,"19":0,"20":8,"21":2,"22":29,"23":13,"24":4,"25":2,"26":2,"27":3},"fnMap":{"1":{"name":"onlyOwner","line":46,"loc":{"start":{"line":46,"column":2},"end":{"line":49,"column":2}}},"2":{"name":"isCollateral","line":51,"loc":{"start":{"line":51,"column":2},"end":{"line":54,"column":2}}},"3":{"name":"isValidKeeper","line":56,"loc":{"start":{"line":56,"column":2},"end":{"line":59,"column":2}}},"4":{"name":"onlyDebtPool","line":61,"loc":{"start":{"line":61,"column":2},"end":{"line":64,"column":2}}},"5":{"name":"constructor","line":66,"loc":{"start":{"line":66,"column":2},"end":{"line":71,"column":2}}},"6":{"name":"addDebtPool","line":73,"loc":{"start":{"line":73,"column":2},"end":{"line":75,"column":2}}},"7":{"name":"getSynth","line":77,"loc":{"start":{"line":77,"column":2},"end":{"line":79,"column":2}}},"8":{"name":"createSynth","line":81,"loc":{"start":{"line":81,"column":2},"end":{"line":92,"column":2}}},"9":{"name":"withdrawnCollateral","line":94,"loc":{"start":{"line":94,"column":2},"end":{"line":104,"column":2}}},"10":{"name":"mint","line":106,"loc":{"start":{"line":106,"column":2},"end":{"line":122,"column":2}}},"11":{"name":"burn","line":125,"loc":{"start":{"line":125,"column":2},"end":{"line":131,"column":2}}},"12":{"name":"debtPoolMint","line":133,"loc":{"start":{"line":133,"column":2},"end":{"line":136,"column":2}}},"13":{"name":"debtPoolBurn","line":138,"loc":{"start":{"line":138,"column":2},"end":{"line":144,"column":2}}},"14":{"name":"globalAccountDebt","line":146,"loc":{"start":{"line":146,"column":2},"end":{"line":150,"column":2}}},"15":{"name":"liquidate","line":152,"loc":{"start":{"line":152,"column":2},"end":{"line":174,"column":2}}},"16":{"name":"updateCollateralAndSynthDebt","line":176,"loc":{"start":{"line":176,"column":2},"end":{"line":179,"column":2}}},"17":{"name":"auctionFinish","line":181,"loc":{"start":{"line":181,"column":2},"end":{"line":192,"column":2}}},"18":{"name":"flagLiquidate","line":194,"loc":{"start":{"line":194,"column":2},"end":{"line":206,"column":2}}},"19":{"name":"settleDebt","line":208,"loc":{"start":{"line":208,"column":2},"end":{"line":208,"column":76}}},"20":{"name":"balanceOfSynth","line":210,"loc":{"start":{"line":210,"column":2},"end":{"line":212,"column":2}}},"21":{"name":"updateSynthCRatio","line":214,"loc":{"start":{"line":214,"column":2},"end":{"line":218,"column":2}}},"22":{"name":"_mintPenalty","line":220,"loc":{"start":{"line":220,"column":2},"end":{"line":223,"column":2}}},"23":{"name":"_transferLiquidate","line":226,"loc":{"start":{"line":226,"column":2},"end":{"line":232,"column":2}}},"24":{"name":"getCRatio","line":234,"loc":{"start":{"line":234,"column":2},"end":{"line":243,"column":2}}},"25":{"name":"maximumByCollateral","line":245,"loc":{"start":{"line":245,"column":2},"end":{"line":250,"column":2}}},"26":{"name":"maximumByDebt","line":252,"loc":{"start":{"line":252,"column":2},"end":{"line":257,"column":2}}},"27":{"name":"simulateCRatio","line":259,"loc":{"start":{"line":259,"column":2},"end":{"line":265,"column":2}}}},"statementMap":{"1":{"start":{"line":47,"column":4},"end":{"line":47,"column":47}},"2":{"start":{"line":52,"column":4},"end":{"line":52,"column":71}},"3":{"start":{"line":57,"column":4},"end":{"line":57,"column":74}},"4":{"start":{"line":62,"column":4},"end":{"line":62,"column":80}},"5":{"start":{"line":67,"column":4},"end":{"line":67,"column":50}},"6":{"start":{"line":68,"column":4},"end":{"line":68,"column":42}},"7":{"start":{"line":69,"column":4},"end":{"line":69,"column":46}},"8":{"start":{"line":70,"column":4},"end":{"line":70,"column":21}},"9":{"start":{"line":74,"column":4},"end":{"line":74,"column":33}},"10":{"start":{"line":78,"column":4},"end":{"line":78,"column":24}},"11":{"start":{"line":82,"column":4},"end":{"line":82,"column":66}},"12":{"start":{"line":84,"column":4},"end":{"line":84,"column":27}},"13":{"start":{"line":85,"column":4},"end":{"line":85,"column":68}},"14":{"start":{"line":86,"column":4},"end":{"line":86,"column":21}},"15":{"start":{"line":87,"column":4},"end":{"line":87,"column":43}},"16":{"start":{"line":88,"column":4},"end":{"line":88,"column":45}},"17":{"start":{"line":89,"column":4},"end":{"line":89,"column":27}},"18":{"start":{"line":91,"column":4},"end":{"line":91,"column":65}},"19":{"start":{"line":95,"column":4},"end":{"line":95,"column":83}},"20":{"start":{"line":96,"column":4},"end":{"line":96,"column":118}},"21":{"start":{"line":97,"column":4},"end":{"line":97,"column":102}},"22":{"start":{"line":98,"column":4},"end":{"line":98,"column":90}},"23":{"start":{"line":100,"column":4},"end":{"line":100,"column":49}},"24":{"start":{"line":101,"column":4},"end":{"line":101,"column":47}},"25":{"start":{"line":103,"column":4},"end":{"line":103,"column":64}},"26":{"start":{"line":107,"column":4},"end":{"line":107,"column":55}},"27":{"start":{"line":108,"column":4},"end":{"line":108,"column":103}},"28":{"start":{"line":109,"column":4},"end":{"line":109,"column":58}},"29":{"start":{"line":111,"column":4},"end":{"line":111,"column":73}},"30":{"start":{"line":113,"column":4},"end":{"line":113,"column":82}},"31":{"start":{"line":114,"column":4},"end":{"line":114,"column":107}},"32":{"start":{"line":115,"column":4},"end":{"line":115,"column":125}},"33":{"start":{"line":116,"column":4},"end":{"line":116,"column":92}},"34":{"start":{"line":118,"column":4},"end":{"line":118,"column":39}},"35":{"start":{"line":119,"column":4},"end":{"line":119,"column":47}},"36":{"start":{"line":121,"column":4},"end":{"line":121,"column":55}},"37":{"start":{"line":126,"column":4},"end":{"line":126,"column":84}},"38":{"start":{"line":127,"column":4},"end":{"line":127,"column":21}},"39":{"start":{"line":128,"column":4},"end":{"line":128,"column":41}},"40":{"start":{"line":130,"column":4},"end":{"line":130,"column":49}},"41":{"start":{"line":134,"column":4},"end":{"line":134,"column":41}},"42":{"start":{"line":135,"column":4},"end":{"line":135,"column":33}},"43":{"start":{"line":139,"column":4},"end":{"line":139,"column":5375}},"44":{"start":{"line":140,"column":6},"end":{"line":140,"column":43}},"45":{"start":{"line":143,"column":4},"end":{"line":143,"column":21}},"46":{"start":{"line":147,"column":4},"end":{"line":147,"column":125}},"47":{"start":{"line":149,"column":4},"end":{"line":149,"column":85}},"48":{"start":{"line":153,"column":4},"end":{"line":153,"column":37}},"49":{"start":{"line":154,"column":4},"end":{"line":154,"column":32}},"50":{"start":{"line":155,"column":4},"end":{"line":155,"column":46}},"51":{"start":{"line":156,"column":4},"end":{"line":156,"column":84}},"52":{"start":{"line":158,"column":4},"end":{"line":158,"column":92}},"53":{"start":{"line":159,"column":4},"end":{"line":159,"column":190}},"54":{"start":{"line":161,"column":4},"end":{"line":161,"column":81}},"55":{"start":{"line":163,"column":6},"end":{"line":163,"column":50}},"56":{"start":{"line":164,"column":6},"end":{"line":164,"column":66}},"57":{"start":{"line":165,"column":6},"end":{"line":165,"column":66}},"58":{"start":{"line":166,"column":6},"end":{"line":166,"column":55}},"59":{"start":{"line":167,"column":6},"end":{"line":167,"column":64}},"60":{"start":{"line":168,"column":6},"end":{"line":168,"column":83}},"61":{"start":{"line":169,"column":6},"end":{"line":169,"column":143}},"62":{"start":{"line":170,"column":6},"end":{"line":170,"column":46}},"63":{"start":{"line":172,"column":6},"end":{"line":172,"column":54}},"64":{"start":{"line":177,"column":4},"end":{"line":177,"column":37}},"65":{"start":{"line":178,"column":4},"end":{"line":178,"column":29}},"66":{"start":{"line":182,"column":4},"end":{"line":182,"column":70}},"67":{"start":{"line":183,"column":4},"end":{"line":183,"column":104}},"68":{"start":{"line":184,"column":4},"end":{"line":184,"column":94}},"69":{"start":{"line":185,"column":4},"end":{"line":185,"column":31}},"70":{"start":{"line":187,"column":4},"end":{"line":187,"column":57}},"71":{"start":{"line":188,"column":4},"end":{"line":188,"column":47}},"72":{"start":{"line":189,"column":4},"end":{"line":189,"column":33}},"73":{"start":{"line":191,"column":4},"end":{"line":191,"column":56}},"74":{"start":{"line":195,"column":4},"end":{"line":195,"column":51}},"75":{"start":{"line":196,"column":4},"end":{"line":196,"column":116}},"76":{"start":{"line":198,"column":4},"end":{"line":198,"column":97}},"77":{"start":{"line":199,"column":4},"end":{"line":199,"column":79}},"78":{"start":{"line":200,"column":4},"end":{"line":200,"column":91}},"79":{"start":{"line":201,"column":4},"end":{"line":201,"column":52}},"80":{"start":{"line":203,"column":4},"end":{"line":203,"column":50}},"81":{"start":{"line":205,"column":4},"end":{"line":205,"column":78}},"82":{"start":{"line":211,"column":4},"end":{"line":211,"column":32}},"83":{"start":{"line":215,"column":4},"end":{"line":215,"column":54}},"84":{"start":{"line":216,"column":4},"end":{"line":216,"column":32}},"85":{"start":{"line":217,"column":4},"end":{"line":217,"column":40}},"86":{"start":{"line":221,"column":4},"end":{"line":221,"column":38}},"87":{"start":{"line":222,"column":4},"end":{"line":222,"column":44}},"88":{"start":{"line":227,"column":4},"end":{"line":227,"column":43}},"89":{"start":{"line":229,"column":4},"end":{"line":229,"column":86}},"90":{"start":{"line":235,"column":4},"end":{"line":235,"column":10005}},"91":{"start":{"line":236,"column":6},"end":{"line":236,"column":14}},"92":{"start":{"line":239,"column":4},"end":{"line":239,"column":101}},"93":{"start":{"line":240,"column":4},"end":{"line":240,"column":85}},"94":{"start":{"line":242,"column":4},"end":{"line":242,"column":54}},"95":{"start":{"line":246,"column":4},"end":{"line":246,"column":43}},"96":{"start":{"line":247,"column":4},"end":{"line":247,"column":112}},"97":{"start":{"line":249,"column":4},"end":{"line":249,"column":46}},"98":{"start":{"line":253,"column":4},"end":{"line":253,"column":43}},"99":{"start":{"line":254,"column":4},"end":{"line":254,"column":96}},"100":{"start":{"line":256,"column":4},"end":{"line":256,"column":40}},"101":{"start":{"line":260,"column":4},"end":{"line":260,"column":65}},"102":{"start":{"line":261,"column":4},"end":{"line":261,"column":115}},"103":{"start":{"line":262,"column":4},"end":{"line":262,"column":100}},"104":{"start":{"line":264,"column":4},"end":{"line":264,"column":54}}},"branchMap":{"1":{"line":47,"type":"if","locations":[{"start":{"line":47,"column":4},"end":{"line":47,"column":4}},{"start":{"line":47,"column":4},"end":{"line":47,"column":4}}]},"2":{"line":52,"type":"if","locations":[{"start":{"line":52,"column":4},"end":{"line":52,"column":4}},{"start":{"line":52,"column":4},"end":{"line":52,"column":4}}]},"3":{"line":57,"type":"if","locations":[{"start":{"line":57,"column":4},"end":{"line":57,"column":4}},{"start":{"line":57,"column":4},"end":{"line":57,"column":4}}]},"4":{"line":62,"type":"if","locations":[{"start":{"line":62,"column":4},"end":{"line":62,"column":4}},{"start":{"line":62,"column":4},"end":{"line":62,"column":4}}]},"5":{"line":82,"type":"if","locations":[{"start":{"line":82,"column":4},"end":{"line":82,"column":4}},{"start":{"line":82,"column":4},"end":{"line":82,"column":4}}]},"6":{"line":95,"type":"if","locations":[{"start":{"line":95,"column":4},"end":{"line":95,"column":4}},{"start":{"line":95,"column":4},"end":{"line":95,"column":4}}]},"7":{"line":98,"type":"if","locations":[{"start":{"line":98,"column":4},"end":{"line":98,"column":4}},{"start":{"line":98,"column":4},"end":{"line":98,"column":4}}]},"8":{"line":108,"type":"if","locations":[{"start":{"line":108,"column":4},"end":{"line":108,"column":4}},{"start":{"line":108,"column":4},"end":{"line":108,"column":4}}]},"9":{"line":113,"type":"if","locations":[{"start":{"line":113,"column":4},"end":{"line":113,"column":4}},{"start":{"line":113,"column":4},"end":{"line":113,"column":4}}]},"10":{"line":116,"type":"if","locations":[{"start":{"line":116,"column":4},"end":{"line":116,"column":4}},{"start":{"line":116,"column":4},"end":{"line":116,"column":4}}]},"11":{"line":126,"type":"if","locations":[{"start":{"line":126,"column":4},"end":{"line":126,"column":4}},{"start":{"line":126,"column":4},"end":{"line":126,"column":4}}]},"12":{"line":139,"type":"if","locations":[{"start":{"line":139,"column":4},"end":{"line":139,"column":4}},{"start":{"line":139,"column":4},"end":{"line":139,"column":4}}]},"13":{"line":153,"type":"if","locations":[{"start":{"line":153,"column":4},"end":{"line":153,"column":4}},{"start":{"line":153,"column":4},"end":{"line":153,"column":4}}]},"14":{"line":159,"type":"if","locations":[{"start":{"line":159,"column":4},"end":{"line":159,"column":4}},{"start":{"line":159,"column":4},"end":{"line":159,"column":4}}]},"15":{"line":182,"type":"if","locations":[{"start":{"line":182,"column":4},"end":{"line":182,"column":4}},{"start":{"line":182,"column":4},"end":{"line":182,"column":4}}]},"16":{"line":183,"type":"if","locations":[{"start":{"line":183,"column":4},"end":{"line":183,"column":4}},{"start":{"line":183,"column":4},"end":{"line":183,"column":4}}]},"17":{"line":184,"type":"if","locations":[{"start":{"line":184,"column":4},"end":{"line":184,"column":4}},{"start":{"line":184,"column":4},"end":{"line":184,"column":4}}]},"18":{"line":195,"type":"if","locations":[{"start":{"line":195,"column":4},"end":{"line":195,"column":4}},{"start":{"line":195,"column":4},"end":{"line":195,"column":4}}]},"19":{"line":196,"type":"if","locations":[{"start":{"line":196,"column":4},"end":{"line":196,"column":4}},{"start":{"line":196,"column":4},"end":{"line":196,"column":4}}]},"20":{"line":200,"type":"if","locations":[{"start":{"line":200,"column":4},"end":{"line":200,"column":4}},{"start":{"line":200,"column":4},"end":{"line":200,"column":4}}]},"21":{"line":215,"type":"if","locations":[{"start":{"line":215,"column":4},"end":{"line":215,"column":4}},{"start":{"line":215,"column":4},"end":{"line":215,"column":4}}]},"22":{"line":229,"type":"if","locations":[{"start":{"line":229,"column":4},"end":{"line":229,"column":4}},{"start":{"line":229,"column":4},"end":{"line":229,"column":4}}]},"23":{"line":235,"type":"if","locations":[{"start":{"line":235,"column":4},"end":{"line":235,"column":4}},{"start":{"line":235,"column":4},"end":{"line":235,"column":4}}]},"24":{"line":246,"type":"if","locations":[{"start":{"line":246,"column":4},"end":{"line":246,"column":4}},{"start":{"line":246,"column":4},"end":{"line":246,"column":4}}]},"25":{"line":253,"type":"if","locations":[{"start":{"line":253,"column":4},"end":{"line":253,"column":4}},{"start":{"line":253,"column":4},"end":{"line":253,"column":4}}]},"26":{"line":260,"type":"if","locations":[{"start":{"line":260,"column":4},"end":{"line":260,"column":4}},{"start":{"line":260,"column":4},"end":{"line":260,"column":4}}]}}},
"contracts/oracle/GSpot.sol":{"l":{"10":21,"11":20,"12":19,"16":1,"17":1,"21":59},"path":"/Users/luansilveira/Documents/projetos/ghost/g-minter/contracts/oracle/GSpot.sol","s":{"1":21,"2":20,"3":19,"4":1,"5":1,"6":59},"b":{"1":[20,1],"2":[19,1]},"f":{"1":21,"2":1,"3":59},"fnMap":{"1":{"name":"addSsm","line":9,"loc":{"start":{"line":9,"column":2},"end":{"line":13,"column":2}}},"2":{"name":"peek","line":15,"loc":{"start":{"line":15,"column":2},"end":{"line":18,"column":2}}},"3":{"name":"read","line":20,"loc":{"start":{"line":20,"column":2},"end":{"line":22,"column":2}}}},"statementMap":{"1":{"start":{"line":10,"column":4},"end":{"line":10,"column":50}},"2":{"start":{"line":11,"column":4},"end":{"line":11,"column":66}},"3":{"start":{"line":12,"column":4},"end":{"line":12,"column":25}},"4":{"start":{"line":16,"column":4},"end":{"line":16,"column":67}},"5":{"start":{"line":17,"column":4},"end":{"line":17,"column":25}},"6":{"start":{"line":21,"column":4},"end":{"line":21,"column":44}}},"branchMap":{"1":{"line":10,"type":"if","locations":[{"start":{"line":10,"column":4},"end":{"line":10,"column":4}},{"start":{"line":10,"column":4},"end":{"line":10,"column":4}}]},"2":{"line":11,"type":"if","locations":[{"start":{"line":11,"column":4},"end":{"line":11,"column":4}},{"start":{"line":11,"column":4},"end":{"line":11,"column":4}}]}}},
"contracts/oracle/Ssm.sol":{"l":{"32":57,"33":57,"37":2,"41":1,"45":1,"47":1,"51":10,"55":4,"56":4,"60":2,"61":1,"65":1,"66":1,"70":6,"74":6,"75":4,"76":4,"77":4,"78":4,"79":4,"81":4,"86":3,"90":3,"94":2,"95":1},"path":"/Users/luansilveira/Documents/projetos/ghost/g-minter/contracts/oracle/Ssm.sol","s":{"1":8,"2":57,"3":57,"4":2,"5":1,"6":1,"7":1,"8":10,"9":4,"10":4,"11":2,"12":1,"13":1,"14":1,"15":6,"16":6,"17":4,"18":4,"19":4,"20":4,"21":4,"22":4,"23":3,"24":3,"25":2,"26":1},"b":{"1":[6,2],"2":[4,0],"3":[1,1],"4":[4,2],"5":[4,0],"6":[1,1]},"f":{"1":8,"2":57,"3":2,"4":1,"5":1,"6":10,"7":4,"8":2,"9":1,"10":6,"11":6,"12":3,"13":3,"14":2},"fnMap":{"1":{"name":"stoppable","line":13,"loc":{"start":{"line":13,"column":2},"end":{"line":13,"column":82}}},"2":{"name":"constructor","line":31,"loc":{"start":{"line":31,"column":2},"end":{"line":34,"column":2}}},"3":{"name":"stop","line":36,"loc":{"start":{"line":36,"column":2},"end":{"line":38,"column":2}}},"4":{"name":"start","line":40,"loc":{"start":{"line":40,"column":2},"end":{"line":42,"column":2}}},"5":{"name":"change","line":44,"loc":{"start":{"line":44,"column":2},"end":{"line":48,"column":2}}},"6":{"name":"era","line":50,"loc":{"start":{"line":50,"column":2},"end":{"line":52,"column":2}}},"7":{"name":"prev","line":54,"loc":{"start":{"line":54,"column":2},"end":{"line":57,"column":2}}},"8":{"name":"step","line":59,"loc":{"start":{"line":59,"column":2},"end":{"line":62,"column":2}}},"9":{"name":"void","line":64,"loc":{"start":{"line":64,"column":2},"end":{"line":67,"column":2}}},"10":{"name":"pass","line":69,"loc":{"start":{"line":69,"column":2},"end":{"line":71,"column":2}}},"11":{"name":"poke","line":73,"loc":{"start":{"line":73,"column":2},"end":{"line":83,"column":2}}},"12":{"name":"peek","line":85,"loc":{"start":{"line":85,"column":2},"end":{"line":87,"column":2}}},"13":{"name":"peep","line":89,"loc":{"start":{"line":89,"column":2},"end":{"line":91,"column":2}}},"14":{"name":"read","line":93,"loc":{"start":{"line":93,"column":2},"end":{"line":96,"column":2}}}},"statementMap":{"1":{"start":{"line":13,"column":23},"end":{"line":13,"column":76}},"2":{"start":{"line":32,"column":4},"end":{"line":32,"column":45}},"3":{"start":{"line":33,"column":4},"end":{"line":33,"column":27}},"4":{"start":{"line":37,"column":4},"end":{"line":37,"column":14}},"5":{"start":{"line":41,"column":4},"end":{"line":41,"column":14}},"6":{"start":{"line":45,"column":4},"end":{"line":45,"column":27}},"7":{"start":{"line":47,"column":4},"end":{"line":47,"column":45}},"8":{"start":{"line":51,"column":4},"end":{"line":51,"column":26}},"9":{"start":{"line":55,"column":4},"end":{"line":55,"column":39}},"10":{"start":{"line":56,"column":4},"end":{"line":56,"column":38}},"11":{"start":{"line":60,"column":4},"end":{"line":60,"column":38}},"12":{"start":{"line":61,"column":4},"end":{"line":61,"column":13}},"13":{"start":{"line":65,"column":4},"end":{"line":65,"column":25}},"14":{"start":{"line":66,"column":4},"end":{"line":66,"column":14}},"15":{"start":{"line":70,"column":4},"end":{"line":70,"column":29}},"16":{"start":{"line":74,"column":4},"end":{"line":74,"column":42}},"17":{"start":{"line":75,"column":4},"end":{"line":75,"column":57}},"18":{"start":{"line":76,"column":4},"end":{"line":76,"column":1889}},"19":{"start":{"line":77,"column":6},"end":{"line":77,"column":14}},"20":{"start":{"line":78,"column":6},"end":{"line":78,"column":25}},"21":{"start":{"line":79,"column":6},"end":{"line":79,"column":22}},"22":{"start":{"line":81,"column":6},"end":{"line":81,"column":40}},"23":{"start":{"line":86,"column":4},"end":{"line":86,"column":34}},"24":{"start":{"line":90,"column":4},"end":{"line":90,"column":34}},"25":{"start":{"line":94,"column":4},"end":{"line":94,"column":50}},"26":{"start":{"line":95,"column":4},"end":{"line":95,"column":18}}},"branchMap":{"1":{"line":13,"type":"if","locations":[{"start":{"line":13,"column":23},"end":{"line":13,"column":23}},{"start":{"line":13,"column":23},"end":{"line":13,"column":23}}]},"2":{"line":55,"type":"if","locations":[{"start":{"line":55,"column":4},"end":{"line":55,"column":4}},{"start":{"line":55,"column":4},"end":{"line":55,"column":4}}]},"3":{"line":60,"type":"if","locations":[{"start":{"line":60,"column":4},"end":{"line":60,"column":4}},{"start":{"line":60,"column":4},"end":{"line":60,"column":4}}]},"4":{"line":74,"type":"if","locations":[{"start":{"line":74,"column":4},"end":{"line":74,"column":4}},{"start":{"line":74,"column":4},"end":{"line":74,"column":4}}]},"5":{"line":76,"type":"if","locations":[{"start":{"line":76,"column":4},"end":{"line":76,"column":4}},{"start":{"line":76,"column":4},"end":{"line":76,"column":4}}]},"6":{"line":94,"type":"if","locations":[{"start":{"line":94,"column":4},"end":{"line":94,"column":4}},{"start":{"line":94,"column":4},"end":{"line":94,"column":4}}]}}},
"contracts/PositionVault.sol":{"l":{"12":14,"13":14,"17":45,"18":45,"22":25,"23":24,"27":2,"31":8,"33":8,"37":10},"path":"/Users/luansilveira/Documents/projetos/ghost/g-minter/contracts/PositionVault.sol","s":{"1":14,"2":14,"3":45,"4":25,"5":24,"6":2,"7":8,"8":8,"9":10},"b":{"1":[45,0],"2":[24,1],"3":[8,0]},"f":{"1":14,"2":45,"3":25,"4":2,"5":8,"6":10},"fnMap":{"1":{"name":"constructor","line":11,"loc":{"start":{"line":11,"column":2},"end":{"line":14,"column":2}}},"2":{"name":"onlyOwner","line":16,"loc":{"start":{"line":16,"column":2},"end":{"line":19,"column":2}}},"3":{"name":"addDeposit","line":21,"loc":{"start":{"line":21,"column":2},"end":{"line":24,"column":2}}},"4":{"name":"removeDeposit","line":26,"loc":{"start":{"line":26,"column":2},"end":{"line":28,"column":2}}},"5":{"name":"withdrawFullDeposit","line":30,"loc":{"start":{"line":30,"column":2},"end":{"line":34,"column":2}}},"6":{"name":"transferFrom","line":36,"loc":{"start":{"line":36,"column":2},"end":{"line":38,"column":2}}}},"statementMap":{"1":{"start":{"line":12,"column":4},"end":{"line":12,"column":30}},"2":{"start":{"line":13,"column":4},"end":{"line":13,"column":17}},"3":{"start":{"line":17,"column":4},"end":{"line":17,"column":64}},"4":{"start":{"line":22,"column":4},"end":{"line":22,"column":62}},"5":{"start":{"line":23,"column":4},"end":{"line":23,"column":40}},"6":{"start":{"line":27,"column":4},"end":{"line":27,"column":40}},"7":{"start":{"line":31,"column":4},"end":{"line":31,"column":64}},"8":{"start":{"line":33,"column":4},"end":{"line":33,"column":38}},"9":{"start":{"line":37,"column":4},"end":{"line":37,"column":35}}},"branchMap":{"1":{"line":17,"type":"if","locations":[{"start":{"line":17,"column":4},"end":{"line":17,"column":4}},{"start":{"line":17,"column":4},"end":{"line":17,"column":4}}]},"2":{"line":22,"type":"if","locations":[{"start":{"line":22,"column":4},"end":{"line":22,"column":4}},{"start":{"line":22,"column":4},"end":{"line":22,"column":4}}]},"3":{"line":31,"type":"if","locations":[{"start":{"line":31,"column":4},"end":{"line":31,"column":4}},{"start":{"line":31,"column":4},"end":{"line":31,"column":4}}]}}},
"contracts/UpdateHouse.sol":{"l":{"50":42,"51":42,"52":42,"56":14,"60":14,"64":25,"65":24,"67":23,"68":23,"70":23,"71":23,"73":22,"77":2,"78":2,"79":2,"80":2,"81":2,"83":2,"84":2,"85":2,"86":2,"88":2,"89":2,"90":2,"91":2,"95":2,"96":2,"97":2,"98":2,"100":2,"101":2,"102":2,"103":2,"104":2,"105":2,"107":2,"108":2,"109":2,"110":2,"112":2,"114":2,"118":10,"119":10,"120":9,"121":9,"123":8,"128":8,"130":8,"131":8,"132":8,"133":6,"134":6,"135":6,"137":6,"138":6,"140":6,"142":2,"143":2,"144":2,"145":2,"146":2,"148":2,"151":8,"152":8,"153":8,"155":8,"159":23,"171":23,"172":23,"174":23,"178":10,"179":10,"181":10,"183":10,"187":25,"191":2},"path":"/Users/luansilveira/Documents/projetos/ghost/g-minter/contracts/UpdateHouse.sol","s":{"1":42,"2":42,"3":42,"4":14,"5":14,"6":25,"7":24,"8":23,"9":23,"10":23,"11":23,"12":22,"13":2,"14":2,"15":2,"16":2,"17":2,"18":2,"19":2,"20":2,"21":2,"22":2,"23":2,"24":2,"25":2,"26":2,"27":2,"28":2,"29":2,"30":2,"31":2,"32":2,"33":2,"34":2,"35":2,"36":2,"37":2,"38":2,"39":2,"40":2,"41":2,"42":10,"43":10,"44":9,"45":9,"46":8,"47":8,"48":8,"49":8,"50":8,"51":6,"52":6,"53":6,"54":6,"55":6,"56":6,"57":2,"58":2,"59":2,"60":2,"61":2,"62":2,"63":8,"64":8,"65":8,"66":8,"67":23,"68":23,"69":23,"70":10,"71":10,"72":10,"73":10,"74":25,"75":2},"b":{"1":[24,1],"2":[23,1],"3":[23,0],"4":[2,0],"5":[2,0],"6":[2,0],"7":[2,0],"8":[2,0],"9":[9,1],"10":[8,1],"11":[6,2]},"f":{"1":42,"2":14,"3":14,"4":25,"5":2,"6":2,"7":10,"8":23,"9":10,"10":25,"11":2},"fnMap":{"1":{"name":"constructor","line":49,"loc":{"start":{"line":49,"column":2},"end":{"line":53,"column":2}}},"2":{"name":"setVault","line":55,"loc":{"start":{"line":55,"column":2},"end":{"line":57,"column":2}}},"3":{"name":"getVault","line":59,"loc":{"start":{"line":59,"column":2},"end":{"line":61,"column":2}}},"4":{"name":"createPosition","line":63,"loc":{"start":{"line":63,"column":2},"end":{"line":74,"column":2}}},"5":{"name":"increasePosition","line":76,"loc":{"start":{"line":76,"column":2},"end":{"line":92,"column":2}}},"6":{"name":"decreasePosition","line":94,"loc":{"start":{"line":94,"column":2},"end":{"line":115,"column":2}}},"7":{"name":"finishPosition","line":117,"loc":{"start":{"line":117,"column":2},"end":{"line":156,"column":2}}},"8":{"name":"_create","line":158,"loc":{"start":{"line":158,"column":2},"end":{"line":175,"column":2}}},"9":{"name":"getPositionFix","line":177,"loc":{"start":{"line":177,"column":2},"end":{"line":184,"column":2}}},"10":{"name":"_addPositionVault","line":186,"loc":{"start":{"line":186,"column":2},"end":{"line":188,"column":2}}},"11":{"name":"_removePositionVault","line":190,"loc":{"start":{"line":190,"column":2},"end":{"line":192,"column":2}}}},"statementMap":{"1":{"start":{"line":50,"column":4},"end":{"line":50,"column":30}},"2":{"start":{"line":51,"column":4},"end":{"line":51,"column":22}},"3":{"start":{"line":52,"column":4},"end":{"line":52,"column":33}},"4":{"start":{"line":56,"column":4},"end":{"line":56,"column":50}},"5":{"start":{"line":60,"column":4},"end":{"line":60,"column":25}},"6":{"start":{"line":64,"column":4},"end":{"line":64,"column":40}},"7":{"start":{"line":65,"column":4},"end":{"line":65,"column":100}},"8":{"start":{"line":67,"column":4},"end":{"line":67,"column":46}},"9":{"start":{"line":68,"column":4},"end":{"line":68,"column":28}},"10":{"start":{"line":70,"column":4},"end":{"line":70,"column":102}},"11":{"start":{"line":71,"column":4},"end":{"line":71,"column":64}},"12":{"start":{"line":73,"column":4},"end":{"line":73,"column":41}},"13":{"start":{"line":77,"column":4},"end":{"line":77,"column":51}},"14":{"start":{"line":78,"column":4},"end":{"line":78,"column":88}},"15":{"start":{"line":79,"column":4},"end":{"line":79,"column":56}},"16":{"start":{"line":80,"column":4},"end":{"line":80,"column":51}},"17":{"start":{"line":81,"column":4},"end":{"line":81,"column":61}},"18":{"start":{"line":83,"column":4},"end":{"line":83,"column":73}},"19":{"start":{"line":84,"column":4},"end":{"line":84,"column":98}},"20":{"start":{"line":85,"column":4},"end":{"line":85,"column":75}},"21":{"start":{"line":86,"column":4},"end":{"line":86,"column":130}},"22":{"start":{"line":88,"column":4},"end":{"line":88,"column":43}},"23":{"start":{"line":89,"column":4},"end":{"line":89,"column":42}},"24":{"start":{"line":90,"column":4},"end":{"line":90,"column":54}},"25":{"start":{"line":91,"column":4},"end":{"line":91,"column":43}},"26":{"start":{"line":95,"column":4},"end":{"line":95,"column":51}},"27":{"start":{"line":96,"column":4},"end":{"line":96,"column":88}},"28":{"start":{"line":97,"column":4},"end":{"line":97,"column":56}},"29":{"start":{"line":98,"column":4},"end":{"line":98,"column":51}},"30":{"start":{"line":100,"column":4},"end":{"line":100,"column":139}},"31":{"start":{"line":101,"column":4},"end":{"line":101,"column":83}},"32":{"start":{"line":102,"column":4},"end":{"line":102,"column":60}},"33":{"start":{"line":103,"column":4},"end":{"line":103,"column":104}},"34":{"start":{"line":104,"column":4},"end":{"line":104,"column":70}},"35":{"start":{"line":105,"column":4},"end":{"line":105,"column":38}},"36":{"start":{"line":107,"column":4},"end":{"line":107,"column":42}},"37":{"start":{"line":108,"column":4},"end":{"line":108,"column":78}},"38":{"start":{"line":109,"column":4},"end":{"line":109,"column":54}},"39":{"start":{"line":110,"column":4},"end":{"line":110,"column":45}},"40":{"start":{"line":112,"column":4},"end":{"line":112,"column":64}},"41":{"start":{"line":114,"column":4},"end":{"line":114,"column":43}},"42":{"start":{"line":118,"column":4},"end":{"line":118,"column":51}},"43":{"start":{"line":119,"column":4},"end":{"line":119,"column":137}},"44":{"start":{"line":120,"column":4},"end":{"line":120,"column":56}},"45":{"start":{"line":121,"column":4},"end":{"line":121,"column":56}},"46":{"start":{"line":123,"column":4},"end":{"line":123,"column":4722}},"47":{"start":{"line":128,"column":4},"end":{"line":128,"column":89}},"48":{"start":{"line":130,"column":4},"end":{"line":130,"column":53}},"49":{"start":{"line":131,"column":4},"end":{"line":131,"column":27}},"50":{"start":{"line":132,"column":4},"end":{"line":132,"column":5100}},"51":{"start":{"line":133,"column":6},"end":{"line":133,"column":30}},"52":{"start":{"line":134,"column":6},"end":{"line":134,"column":70}},"53":{"start":{"line":135,"column":6},"end":{"line":135,"column":35}},"54":{"start":{"line":137,"column":6},"end":{"line":137,"column":52}},"55":{"start":{"line":138,"column":6},"end":{"line":138,"column":64}},"56":{"start":{"line":140,"column":6},"end":{"line":140,"column":64}},"57":{"start":{"line":142,"column":6},"end":{"line":142,"column":30}},"58":{"start":{"line":143,"column":6},"end":{"line":143,"column":52}},"59":{"start":{"line":144,"column":6},"end":{"line":144,"column":59}},"60":{"start":{"line":145,"column":6},"end":{"line":145,"column":35}},"61":{"start":{"line":146,"column":6},"end":{"line":146,"column":66}},"62":{"start":{"line":148,"column":6},"end":{"line":148,"column":59}},"63":{"start":{"line":151,"column":4},"end":{"line":151,"column":40}},"64":{"start":{"line":152,"column":4},"end":{"line":152,"column":44}},"65":{"start":{"line":153,"column":4},"end":{"line":153,"column":29}},"66":{"start":{"line":155,"column":4},"end":{"line":155,"column":81}},"67":{"start":{"line":159,"column":4},"end":{"line":159,"column":6192}},"68":{"start":{"line":172,"column":4},"end":{"line":172,"column":37}},"69":{"start":{"line":174,"column":4},"end":{"line":174,"column":23}},"70":{"start":{"line":178,"column":4},"end":{"line":178,"column":74}},"71":{"start":{"line":179,"column":4},"end":{"line":179,"column":71}},"72":{"start":{"line":181,"column":4},"end":{"line":181,"column":46}},"73":{"start":{"line":183,"column":4},"end":{"line":183,"column":69}},"74":{"start":{"line":187,"column":4},"end":{"line":187,"column":43}},"75":{"start":{"line":191,"column":4},"end":{"line":191,"column":46}}},"branchMap":{"1":{"line":64,"type":"if","locations":[{"start":{"line":64,"column":4},"end":{"line":64,"column":4}},{"start":{"line":64,"column":4},"end":{"line":64,"column":4}}]},"2":{"line":65,"type":"if","locations":[{"start":{"line":65,"column":4},"end":{"line":65,"column":4}},{"start":{"line":65,"column":4},"end":{"line":65,"column":4}}]},"3":{"line":68,"type":"if","locations":[{"start":{"line":68,"column":4},"end":{"line":68,"column":4}},{"start":{"line":68,"column":4},"end":{"line":68,"column":4}}]},"4":{"line":78,"type":"if","locations":[{"start":{"line":78,"column":4},"end":{"line":78,"column":4}},{"start":{"line":78,"column":4},"end":{"line":78,"column":4}}]},"5":{"line":80,"type":"if","locations":[{"start":{"line":80,"column":4},"end":{"line":80,"column":4}},{"start":{"line":80,"column":4},"end":{"line":80,"column":4}}]},"6":{"line":96,"type":"if","locations":[{"start":{"line":96,"column":4},"end":{"line":96,"column":4}},{"start":{"line":96,"column":4},"end":{"line":96,"column":4}}]},"7":{"line":98,"type":"if","locations":[{"start":{"line":98,"column":4},"end":{"line":98,"column":4}},{"start":{"line":98,"column":4},"end":{"line":98,"column":4}}]},"8":{"line":105,"type":"if","locations":[{"start":{"line":105,"column":4},"end":{"line":105,"column":4}},{"start":{"line":105,"column":4},"end":{"line":105,"column":4}}]},"9":{"line":119,"type":"if","locations":[{"start":{"line":119,"column":4},"end":{"line":119,"column":4}},{"start":{"line":119,"column":4},"end":{"line":119,"column":4}}]},"10":{"line":121,"type":"if","locations":[{"start":{"line":121,"column":4},"end":{"line":121,"column":4}},{"start":{"line":121,"column":4},"end":{"line":121,"column":4}}]},"11":{"line":132,"type":"if","locations":[{"start":{"line":132,"column":4},"end":{"line":132,"column":4}},{"start":{"line":132,"column":4},"end":{"line":132,"column":4}}]}}}}
