TN:
SF:/Users/luansilveira/Documents/projetos/ghost/g-minter/contracts/AuctionHouse.sol
FN:38,start
FN:72,take
FN:140,calculateAmountToFixCollateral
FN:146,getAuction
FN:150,price
FN:154,auctionFinishCallback
FNF:6
FNH:6
FNDA:13,start
FNDA:12,take
FNDA:8,calculateAmountToFixCollateral
FNDA:6,getAuction
FNDA:15,price
FNDA:3,auctionFinishCallback
DA:48,13
DA:49,13
DA:51,13
DA:68,13
DA:69,13
DA:73,12
DA:74,12
DA:75,12
DA:77,12
DA:78,10
DA:79,9
DA:80,3
DA:82,6
DA:85,9
DA:86,9
DA:88,8
DA:89,8
DA:90,8
DA:92,8
DA:93,5
DA:95,5
DA:96,4
DA:97,4
DA:98,4
DA:100,1
DA:101,1
DA:102,1
DA:103,1
DA:106,5
DA:108,3
DA:109,3
DA:110,3
DA:111,3
DA:112,3
DA:116,8
DA:117,8
DA:119,8
DA:120,6
DA:122,6
DA:123,3
DA:124,3
DA:126,3
DA:137,6
DA:141,8
DA:143,8
DA:147,6
DA:151,15
DA:155,3
LF:48
LH:48
BRDA:69,1,0,13
BRDA:69,1,1,0
BRDA:77,2,0,10
BRDA:77,2,1,2
BRDA:78,3,0,9
BRDA:78,3,1,1
BRDA:79,4,0,3
BRDA:79,4,1,6
BRDA:86,5,0,8
BRDA:86,5,1,1
BRDA:90,6,0,8
BRDA:90,6,1,0
BRDA:92,7,0,5
BRDA:92,7,1,3
BRDA:95,8,0,4
BRDA:95,8,1,1
BRDA:100,9,0,1
BRDA:100,9,1,0
BRDA:119,10,0,6
BRDA:119,10,1,2
BRDA:120,11,0,6
BRDA:120,11,1,0
BRDA:122,12,0,3
BRDA:122,12,1,3
BRF:24
BRH:20
end_of_record
TN:
SF:/Users/luansilveira/Documents/projetos/ghost/g-minter/contracts/base/CoreMath.sol
FN:13,wad
FN:17,ray
FN:21,rad
FN:24,radiv
FN:28,rmul
FN:34,orderToSub
FN:42,rpow
FN:69,mul
FN:73,div
FNF:9
FNH:5
FNDA:0,wad
FNDA:0,ray
FNDA:0,rad
FNDA:31,radiv
FNDA:15,rmul
FNDA:0,orderToSub
FNDA:15,rpow
FNDA:32,mul
FNDA:85,div
DA:14,0
DA:18,0
DA:22,0
DA:25,31
DA:29,15
DA:30,15
DA:31,15
DA:35,0
DA:36,0
DA:39,0
DA:43,15
DA:70,32
DA:74,85
LF:13
LH:7
BRDA:30,1,0,15
BRDA:30,1,1,0
BRDA:35,2,0,0
BRDA:35,2,1,0
BRF:4
BRH:1
end_of_record
TN:
SF:/Users/luansilveira/Documents/projetos/ghost/g-minter/contracts/base/Feed.sol
FN:8,constructor
FN:13,updatePrice
FNF:2
FNH:2
FNDA:435,constructor
FNDA:20,updatePrice
DA:9,435
DA:10,435
DA:14,20
LF:3
LH:3
BRF:0
BRH:0
end_of_record
TN:
SF:/Users/luansilveira/Documents/projetos/ghost/g-minter/contracts/DebtPool.sol
FN:15,onlyHouse
FN:20,constructor
FN:25,addUpdatedHouse
FN:29,mint
FN:33,burn
FN:37,transferFrom
FN:41,getSynthDebt
FNF:7
FNH:6
FNDA:14,onlyHouse
FNDA:114,constructor
FNDA:14,addUpdatedHouse
FNDA:6,mint
FNDA:2,burn
FNDA:6,transferFrom
FNDA:0,getSynthDebt
DA:16,14
DA:17,14
DA:21,114
DA:22,114
DA:26,14
DA:30,6
DA:34,2
DA:38,6
DA:42,0
LF:9
LH:8
BRDA:16,1,0,14
BRDA:16,1,1,0
BRF:2
BRH:1
end_of_record
TN:
SF:/Users/luansilveira/Documents/projetos/ghost/g-minter/contracts/GTokenERC20.sol
FN:10,constructor
FN:14,mint
FN:18,burn
FNF:3
FNH:3
FNDA:317,constructor
FNDA:107,mint
FNDA:7,burn
DA:11,317
DA:15,107
DA:19,7
LF:3
LH:3
BRF:0
BRH:0
end_of_record
TN:
SF:/Users/luansilveira/Documents/projetos/ghost/g-minter/contracts/median/MedianSpacex.sol
FN:30,toll
FN:34,constructor
FN:36,read
FN:43,peek
FN:47,recover
FN:54,poke
FN:87,lift
FN:98,drop
FN:107,setBar
FN:113,kiss
FN:118,diss
FN:122,kiss
FN:129,diss
FNF:13
FNH:13
FNDA:5,toll
FNDA:105,constructor
FNDA:2,read
FNDA:2,peek
FNDA:19,recover
FNDA:9,poke
FNDA:18,lift
FNDA:1,drop
FNDA:3,setBar
FNDA:7,kiss
FNDA:4,diss
FNDA:2,kiss
FNDA:1,diss
DA:37,2
DA:38,2
DA:40,1
DA:44,2
DA:48,19
DA:57,9
DA:59,6
DA:60,6
DA:61,6
DA:63,6
DA:64,18
DA:66,18
DA:68,18
DA:70,17
DA:72,17
DA:73,16
DA:75,16
DA:78,16
DA:79,15
DA:82,3
DA:83,3
DA:84,3
DA:88,18
DA:89,18
DA:90,18
DA:93,18
DA:94,18
DA:95,18
DA:99,1
DA:100,1
DA:101,1
DA:104,1
DA:108,3
DA:109,2
DA:110,1
DA:114,7
DA:115,6
DA:119,4
DA:123,2
DA:124,5
DA:125,5
DA:130,1
DA:131,2
LF:43
LH:43
BRDA:30,1,0,4
BRDA:30,1,1,1
BRDA:38,2,0,1
BRDA:38,2,1,1
BRDA:57,3,0,6
BRDA:57,3,1,3
BRDA:68,4,0,17
BRDA:68,4,1,1
BRDA:70,5,0,17
BRDA:70,5,1,0
BRDA:72,6,0,16
BRDA:72,6,1,1
BRDA:78,7,0,15
BRDA:78,7,1,1
BRDA:88,8,0,18
BRDA:88,8,1,0
BRDA:93,9,0,18
BRDA:93,9,1,0
BRDA:108,10,0,2
BRDA:108,10,1,1
BRDA:109,11,0,1
BRDA:109,11,1,1
BRDA:114,12,0,6
BRDA:114,12,1,1
BRDA:124,13,0,5
BRDA:124,13,1,0
BRF:26
BRH:22
end_of_record
TN:
SF:/Users/luansilveira/Documents/projetos/ghost/g-minter/contracts/Minter.sol
FN:46,onlyOwner
FN:51,isCollateral
FN:56,isValidKeeper
FN:61,onlyDebtPool
FN:66,constructor
FN:73,addDebtPool
FN:77,getSynth
FN:81,createSynth
FN:94,withdrawnCollateral
FN:106,mint
FN:125,burn
FN:133,debtPoolMint
FN:138,debtPoolBurn
FN:146,globalAccountDebt
FN:152,liquidate
FN:176,updateCollateralAndSynthDebt
FN:181,auctionFinish
FN:194,flagLiquidate
FN:208,settleDebt
FN:210,balanceOfSynth
FN:214,updateSynthCRatio
FN:220,_mintPenalty
FN:226,_transferLiquidate
FN:234,getCRatio
FN:245,maximumByCollateral
FN:252,maximumByDebt
FN:259,simulateCRatio
FNF:27
FNH:26
FNDA:99,onlyOwner
FNDA:75,isCollateral
FNDA:31,isValidKeeper
FNDA:8,onlyDebtPool
FNDA:261,constructor
FNDA:38,addDebtPool
FNDA:56,getSynth
FNDA:57,createSynth
FNDA:4,withdrawnCollateral
FNDA:73,mint
FNDA:4,burn
FNDA:6,debtPoolMint
FNDA:2,debtPoolBurn
FNDA:89,globalAccountDebt
FNDA:14,liquidate
FNDA:13,updateCollateralAndSynthDebt
FNDA:3,auctionFinish
FNDA:17,flagLiquidate
FNDA:0,settleDebt
FNDA:8,balanceOfSynth
FNDA:2,updateSynthCRatio
FNDA:29,_mintPenalty
FNDA:13,_transferLiquidate
FNDA:4,getCRatio
FNDA:2,maximumByCollateral
FNDA:2,maximumByDebt
FNDA:3,simulateCRatio
DA:47,99
DA:48,97
DA:52,75
DA:53,73
DA:57,31
DA:58,31
DA:62,8
DA:63,8
DA:67,261
DA:68,261
DA:69,261
DA:70,261
DA:74,38
DA:78,56
DA:82,57
DA:84,56
DA:85,56
DA:86,56
DA:87,56
DA:88,56
DA:89,56
DA:91,56
DA:95,4
DA:96,3
DA:97,3
DA:98,3
DA:100,2
DA:101,2
DA:103,2
DA:107,73
DA:108,73
DA:109,72
DA:111,72
DA:113,72
DA:114,72
DA:115,72
DA:116,72
DA:118,72
DA:119,72
DA:121,72
DA:126,4
DA:127,2
DA:128,2
DA:130,2
DA:134,6
DA:135,6
DA:139,2
DA:140,0
DA:143,2
DA:147,89
DA:149,89
DA:153,14
DA:154,14
DA:155,14
DA:156,14
DA:158,14
DA:159,14
DA:161,13
DA:162,13
DA:163,13
DA:164,13
DA:165,13
DA:166,13
DA:167,13
DA:168,13
DA:169,13
DA:170,13
DA:172,13
DA:177,13
DA:178,13
DA:182,3
DA:183,3
DA:184,3
DA:185,3
DA:187,3
DA:188,3
DA:189,3
DA:191,3
DA:195,17
DA:196,17
DA:198,16
DA:199,16
DA:200,16
DA:201,16
DA:203,16
DA:205,16
DA:211,8
DA:215,2
DA:216,1
DA:217,1
DA:221,29
DA:222,29
DA:227,13
DA:229,13
DA:235,4
DA:236,0
DA:239,4
DA:240,4
DA:242,4
DA:246,2
DA:247,1
DA:249,1
DA:253,2
DA:254,1
DA:256,1
DA:260,3
DA:261,2
DA:262,2
DA:264,2
LF:109
LH:107
BRDA:47,1,0,97
BRDA:47,1,1,2
BRDA:52,2,0,73
BRDA:52,2,1,2
BRDA:57,3,0,31
BRDA:57,3,1,0
BRDA:62,4,0,8
BRDA:62,4,1,0
BRDA:82,5,0,56
BRDA:82,5,1,1
BRDA:95,6,0,3
BRDA:95,6,1,1
BRDA:98,7,0,2
BRDA:98,7,1,1
BRDA:108,8,0,72
BRDA:108,8,1,1
BRDA:113,9,0,72
BRDA:113,9,1,0
BRDA:116,10,0,72
BRDA:116,10,1,0
BRDA:126,11,0,2
BRDA:126,11,1,2
BRDA:139,12,0,0
BRDA:139,12,1,2
BRDA:153,13,0,14
BRDA:153,13,1,0
BRDA:159,14,0,13
BRDA:159,14,1,1
BRDA:182,15,0,3
BRDA:182,15,1,0
BRDA:183,16,0,3
BRDA:183,16,1,0
BRDA:184,17,0,3
BRDA:184,17,1,0
BRDA:195,18,0,17
BRDA:195,18,1,0
BRDA:196,19,0,16
BRDA:196,19,1,1
BRDA:200,20,0,16
BRDA:200,20,1,0
BRDA:215,21,0,1
BRDA:215,21,1,1
BRDA:229,22,0,13
BRDA:229,22,1,0
BRDA:235,23,0,0
BRDA:235,23,1,4
BRDA:246,24,0,1
BRDA:246,24,1,1
BRDA:253,25,0,1
BRDA:253,25,1,1
BRDA:260,26,0,2
BRDA:260,26,1,1
BRF:52
BRH:39
end_of_record
TN:
SF:/Users/luansilveira/Documents/projetos/ghost/g-minter/contracts/oracle/GSpot.sol
FN:9,addSsm
FN:15,peek
FN:20,read
FNF:3
FNH:3
FNDA:21,addSsm
FNDA:1,peek
FNDA:59,read
DA:10,21
DA:11,20
DA:12,19
DA:16,1
DA:17,1
DA:21,59
LF:6
LH:6
BRDA:10,1,0,20
BRDA:10,1,1,1
BRDA:11,2,0,19
BRDA:11,2,1,1
BRF:4
BRH:4
end_of_record
TN:
SF:/Users/luansilveira/Documents/projetos/ghost/g-minter/contracts/oracle/Ssm.sol
FN:13,stoppable
FN:31,constructor
FN:36,stop
FN:40,start
FN:44,change
FN:50,era
FN:54,prev
FN:59,step
FN:64,void
FN:69,pass
FN:73,poke
FN:85,peek
FN:89,peep
FN:93,read
FNF:14
FNH:14
FNDA:8,stoppable
FNDA:57,constructor
FNDA:2,stop
FNDA:1,start
FNDA:1,change
FNDA:10,era
FNDA:4,prev
FNDA:2,step
FNDA:1,void
FNDA:6,pass
FNDA:6,poke
FNDA:3,peek
FNDA:3,peep
FNDA:2,read
DA:32,57
DA:33,57
DA:37,2
DA:41,1
DA:45,1
DA:47,1
DA:51,10
DA:55,4
DA:56,4
DA:60,2
DA:61,1
DA:65,1
DA:66,1
DA:70,6
DA:74,6
DA:75,4
DA:76,4
DA:77,4
DA:78,4
DA:79,4
DA:81,4
DA:86,3
DA:90,3
DA:94,2
DA:95,1
LF:25
LH:25
BRDA:13,1,0,6
BRDA:13,1,1,2
BRDA:55,2,0,4
BRDA:55,2,1,0
BRDA:60,3,0,1
BRDA:60,3,1,1
BRDA:74,4,0,4
BRDA:74,4,1,2
BRDA:76,5,0,4
BRDA:76,5,1,0
BRDA:94,6,0,1
BRDA:94,6,1,1
BRF:12
BRH:10
end_of_record
TN:
SF:/Users/luansilveira/Documents/projetos/ghost/g-minter/contracts/PositionVault.sol
FN:11,constructor
FN:16,onlyOwner
FN:21,addDeposit
FN:26,removeDeposit
FN:30,withdrawFullDeposit
FN:36,transferFrom
FNF:6
FNH:6
FNDA:14,constructor
FNDA:45,onlyOwner
FNDA:25,addDeposit
FNDA:2,removeDeposit
FNDA:8,withdrawFullDeposit
FNDA:10,transferFrom
DA:12,14
DA:13,14
DA:17,45
DA:18,45
DA:22,25
DA:23,24
DA:27,2
DA:31,8
DA:33,8
DA:37,10
LF:10
LH:10
BRDA:17,1,0,45
BRDA:17,1,1,0
BRDA:22,2,0,24
BRDA:22,2,1,1
BRDA:31,3,0,8
BRDA:31,3,1,0
BRF:6
BRH:4
end_of_record
TN:
SF:/Users/luansilveira/Documents/projetos/ghost/g-minter/contracts/UpdateHouse.sol
FN:49,constructor
FN:55,setVault
FN:59,getVault
FN:63,createPosition
FN:76,increasePosition
FN:94,decreasePosition
FN:117,finishPosition
FN:158,_create
FN:177,getPositionFix
FN:186,_addPositionVault
FN:190,_removePositionVault
FNF:11
FNH:11
FNDA:42,constructor
FNDA:14,setVault
FNDA:14,getVault
FNDA:25,createPosition
FNDA:2,increasePosition
FNDA:2,decreasePosition
FNDA:10,finishPosition
FNDA:23,_create
FNDA:10,getPositionFix
FNDA:25,_addPositionVault
FNDA:2,_removePositionVault
DA:50,42
DA:51,42
DA:52,42
DA:56,14
DA:60,14
DA:64,25
DA:65,24
DA:67,23
DA:68,23
DA:70,23
DA:71,23
DA:73,22
DA:77,2
DA:78,2
DA:79,2
DA:80,2
DA:81,2
DA:83,2
DA:84,2
DA:85,2
DA:86,2
DA:88,2
DA:89,2
DA:90,2
DA:91,2
DA:95,2
DA:96,2
DA:97,2
DA:98,2
DA:100,2
DA:101,2
DA:102,2
DA:103,2
DA:104,2
DA:105,2
DA:107,2
DA:108,2
DA:109,2
DA:110,2
DA:112,2
DA:114,2
DA:118,10
DA:119,10
DA:120,9
DA:121,9
DA:123,8
DA:128,8
DA:130,8
DA:131,8
DA:132,8
DA:133,6
DA:134,6
DA:135,6
DA:137,6
DA:138,6
DA:140,6
DA:142,2
DA:143,2
DA:144,2
DA:145,2
DA:146,2
DA:148,2
DA:151,8
DA:152,8
DA:153,8
DA:155,8
DA:159,23
DA:171,23
DA:172,23
DA:174,23
DA:178,10
DA:179,10
DA:181,10
DA:183,10
DA:187,25
DA:191,2
LF:76
LH:76
BRDA:64,1,0,24
BRDA:64,1,1,1
BRDA:65,2,0,23
BRDA:65,2,1,1
BRDA:68,3,0,23
BRDA:68,3,1,0
BRDA:78,4,0,2
BRDA:78,4,1,0
BRDA:80,5,0,2
BRDA:80,5,1,0
BRDA:96,6,0,2
BRDA:96,6,1,0
BRDA:98,7,0,2
BRDA:98,7,1,0
BRDA:105,8,0,2
BRDA:105,8,1,0
BRDA:119,9,0,9
BRDA:119,9,1,1
BRDA:121,10,0,8
BRDA:121,10,1,1
BRDA:132,11,0,6
BRDA:132,11,1,2
BRF:22
BRH:16
end_of_record
